
2022-05-31 18:38:49 upload error: uploaded file size: 4646621bytes;
2022-05-31 18:40:17 upload error: uploaded file size: 4646621bytes;
2022-05-31 18:42:11 upload error: uploaded file size: 4646621bytes;
2022-05-31 18:44:57 upload error: uploaded file size: 4646621bytes;
2022-05-31 18:47:00 upload error: uploaded file size: 4646621bytes;
2022-05-31 18:47:28 upload error: uploaded file size: 4646621bytes;
2022-05-31 18:51:31 upload error: uploaded file exceeds upload max file size in config - file size: 4646621bytes;
2022-05-31 19:02:40 file upload error no. 4: no file was uploaded;
2022-05-31 19:04:38 upload error: uploaded file is not CSV type;
2022-05-31 19:06:15 upload error: uploaded file is not CSV type;
2022-05-31 19:07:50 upload error: uploaded file exceeds upload max file size in config - file size: 4646621 bytes;
2022-05-31 20:06:58 file upload error no. 4: no file was uploaded;
2022-05-31 20:15:56 file upload error no. 4: no file was uploaded;
2022-06-01 09:56:13 file upload error no. 4: no file was uploaded;
2022-06-01 10:19:26 file upload error no. 4: no file was uploaded;
2022-06-01 10:20:34 file upload error no. 4: no file was uploaded;
2022-06-01 10:43:43 file upload error no. 4: no file was uploaded;
2022-06-01 10:44:40 upload error: uploaded file is not CSV type;
2022-06-01 10:47:14 upload error: uploaded file exceeds upload max file size in config - file size: 4646621 bytes;
2022-06-01 11:34:20 upload error: uploaded file is not CSV type;
2022-06-02 12:58:48 file upload error no. 4: no file was uploaded;
2022-06-02 13:01:30 file upload error no. 4: no file was uploaded;
2022-06-02 13:03:08 file upload error no. 4: no file was uploaded;
2022-06-02 13:14:30 file upload error no. 4: no file was uploaded;
2022-06-02 13:15:07 upload error: uploaded file is not CSV type;
2022-06-02 13:15:45 testProduct failed. Check if the number of characters in any CSV line is not greater than 0;
2022-06-02 13:16:29 upload error: uploaded file exceeds upload max file size in config - file size: 4646623 bytes;
2022-06-02 13:18:37 upload error: uploaded file exceeds upload max file size in config - file size: 4646623 bytes;
2022-06-02 13:19:10 upload error: uploaded file exceeds upload max file size in config - file size: 4646623 bytes;
2022-06-02 13:20:52 upload error: uploaded file exceeds upload max file size in config - file size: 4646623 bytes;
2022-06-02 13:21:31 upload error: uploaded file exceeds upload max file size in config - file size: 4646623 bytes;
2022-06-02 13:22:27 upload error: uploaded file exceeds upload max file size in config - file size: 4646623 bytes;
2022-06-02 13:43:12 file upload error no. 4: no file was uploaded;
2022-06-02 13:43:38 file upload error no. 4: no file was uploaded;
2022-06-02 13:49:20 upload error: uploaded file exceeds upload max file size in config - file size: 4646623 bytes;
2022-06-02 14:23:27 categories error: explode() expects parameter 2 to be string, null given;
2022-06-02 14:25:13 categories error: explode() expects parameter 2 to be string, null given;
2022-06-02 14:25:37 testProduct failed. Check if the number of characters in any CSV line is not greater than 0;
2022-06-02 14:30:40 database testProduct failed. Check if the number of characters in any CSV line is not greater than 50000;
2022-06-02 14:36:44 categories error: explode() expects parameter 2 to be string, null given;
2022-06-02 14:38:13 categories error: explode() expects parameter 2 to be string, null given;
2022-06-02 14:50:48 database testProduct failed. Check if the number of characters in any CSV line is not greater than 50000 or CSV delimiter is not different than the semicolon;
2022-06-02 16:21:43 controller init conversion file upload error no. 4: no file was uploaded;
2022-06-02 16:32:18 template modal download error: file to download does not exist;
2022-06-02 16:33:39 controller init conversion upload error: uploaded file exceeds upload max file size in config - file size: 4646623 bytes;
2022-06-02 16:49:50 database testProduct failed. Check if the number of characters in any CSV line is not greater than 50000 or CSV delimiter is not different than ';';
2022-06-02 17:32:28 controller init conversion file upload error no. 4: no file was uploaded;
2022-06-02 17:43:03 Controller init conversion file upload error no. 4: no file was uploaded;
2022-06-02 17:43:35 Controller init conversion upload error: uploaded file exceeds upload max file size in config - file size: 4646623 bytes;
2022-06-02 17:45:43 Controller init conversion upload error: uploaded file is not CSV type;
2022-06-02 17:46:08 Database testProduct failed. Check if the number of characters in any CSV line is not greater than 50000 or CSV delimiter is not different than ';';
2022-06-02 17:46:50 Converter categories error: explode() expects parameter 2 to be string, null given;
2022-06-02 19:58:08 Converter convertData error: Return value of App\Converter::taxId() must be of the type array, none returned;
2022-06-04 14:08:54 Template modal download error: file to download does not exist;
2022-06-04 14:14:06 Template modal download error: file to download does not exist;
